<?xml version="1.0" encoding="UTF-8"?>
<testng-results ignored="0" total="3" passed="3" failed="0" skipped="0">
  <reporter-output>
    <line>
      <![CDATA[Execution in local system]]>
    </line>
    <line>
      <![CDATA[Browser is: Firefox]]>
    </line>
    <line>
      <![CDATA[test data:admin]]>
    </line>
    <line>
      <![CDATA[Google]]>
    </line>
    <line>
      <![CDATA[Execution in local system]]>
    </line>
    <line>
      <![CDATA[Browser is: Firefox]]>
    </line>
    <line>
      <![CDATA[Google]]>
    </line>
    <line>
      <![CDATA[Execution in local system]]>
    </line>
    <line>
      <![CDATA[Browser is: Firefox]]>
    </line>
    <line>
      <![CDATA[Google]]>
    </line>
  </reporter-output>
  <suite started-at="2023-05-04T11:35:30 IST" name="Suite" finished-at="2023-05-04T11:35:58 IST" duration-ms="28381">
    <groups>
    </groups>
    <test started-at="2023-05-04T11:35:30 IST" name="Test" finished-at="2023-05-04T11:35:58 IST" duration-ms="28381">
      <class name="script.DemoTest2">
        <test-method is-config="true" signature="preCondition(java.lang.String,java.lang.String,java.lang.String)[pri:0, instance:script.DemoTest2@2a4fb17b]" started-at="2023-05-04T11:35:44 IST" name="preCondition" finished-at="2023-05-04T11:35:50 IST" duration-ms="6346" status="PASS">
          <params>
            <param index="0">
              <value>
                <![CDATA[http://www.google.com]]>
              </value>
            </param>
            <param index="1">
              <value>
                <![CDATA[no]]>
              </value>
            </param>
            <param index="2">
              <value>
                <![CDATA[firefox]]>
              </value>
            </param>
          </params>
          <reporter-output>
            <line>
              <![CDATA[Execution in local system]]>
            </line>
            <line>
              <![CDATA[Browser is: Firefox]]>
            </line>
          </reporter-output>
        </test-method> <!-- preCondition -->
        <test-method signature="demoTest2()[pri:0, instance:script.DemoTest2@2a4fb17b]" started-at="2023-05-04T11:35:50 IST" name="demoTest2" finished-at="2023-05-04T11:35:50 IST" duration-ms="10" status="PASS">
          <reporter-output>
            <line>
              <![CDATA[Google]]>
            </line>
          </reporter-output>
        </test-method> <!-- demoTest2 -->
        <test-method is-config="true" signature="postCondition()[pri:0, instance:script.DemoTest2@2a4fb17b]" started-at="2023-05-04T11:35:50 IST" name="postCondition" finished-at="2023-05-04T11:35:52 IST" duration-ms="1531" status="PASS">
          <reporter-output>
          </reporter-output>
        </test-method> <!-- postCondition -->
      </class> <!-- script.DemoTest2 -->
      <class name="script.DemoTest3">
        <test-method is-config="true" signature="preCondition(java.lang.String,java.lang.String,java.lang.String)[pri:0, instance:script.DemoTest3@5c6648b0]" started-at="2023-05-04T11:35:52 IST" name="preCondition" finished-at="2023-05-04T11:35:57 IST" duration-ms="5454" status="PASS">
          <params>
            <param index="0">
              <value>
                <![CDATA[http://www.google.com]]>
              </value>
            </param>
            <param index="1">
              <value>
                <![CDATA[no]]>
              </value>
            </param>
            <param index="2">
              <value>
                <![CDATA[firefox]]>
              </value>
            </param>
          </params>
          <reporter-output>
            <line>
              <![CDATA[Execution in local system]]>
            </line>
            <line>
              <![CDATA[Browser is: Firefox]]>
            </line>
          </reporter-output>
        </test-method> <!-- preCondition -->
        <test-method signature="demoTest3()[pri:0, instance:script.DemoTest3@5c6648b0]" started-at="2023-05-04T11:35:57 IST" name="demoTest3" finished-at="2023-05-04T11:35:57 IST" duration-ms="8" status="PASS">
          <reporter-output>
            <line>
              <![CDATA[Google]]>
            </line>
          </reporter-output>
        </test-method> <!-- demoTest3 -->
        <test-method is-config="true" signature="postCondition()[pri:0, instance:script.DemoTest3@5c6648b0]" started-at="2023-05-04T11:35:57 IST" name="postCondition" finished-at="2023-05-04T11:35:58 IST" duration-ms="924" status="PASS">
          <reporter-output>
          </reporter-output>
        </test-method> <!-- postCondition -->
      </class> <!-- script.DemoTest3 -->
      <class name="script.DemoTest">
        <test-method is-config="true" signature="preCondition(java.lang.String,java.lang.String,java.lang.String)[pri:0, instance:script.DemoTest@5c33f1a9]" started-at="2023-05-04T11:35:30 IST" name="preCondition" finished-at="2023-05-04T11:35:38 IST" duration-ms="8356" status="PASS">
          <params>
            <param index="0">
              <value>
                <![CDATA[http://www.google.com]]>
              </value>
            </param>
            <param index="1">
              <value>
                <![CDATA[no]]>
              </value>
            </param>
            <param index="2">
              <value>
                <![CDATA[firefox]]>
              </value>
            </param>
          </params>
          <reporter-output>
            <line>
              <![CDATA[Execution in local system]]>
            </line>
            <line>
              <![CDATA[Browser is: Firefox]]>
            </line>
          </reporter-output>
        </test-method> <!-- preCondition -->
        <test-method signature="demoTest1()[pri:0, instance:script.DemoTest@5c33f1a9]" started-at="2023-05-04T11:35:38 IST" name="demoTest1" finished-at="2023-05-04T11:35:42 IST" duration-ms="4165" status="PASS">
          <reporter-output>
            <line>
              <![CDATA[test data:admin]]>
            </line>
            <line>
              <![CDATA[Google]]>
            </line>
          </reporter-output>
        </test-method> <!-- demoTest1 -->
        <test-method is-config="true" signature="postCondition()[pri:0, instance:script.DemoTest@5c33f1a9]" started-at="2023-05-04T11:35:42 IST" name="postCondition" finished-at="2023-05-04T11:35:44 IST" duration-ms="1379" status="PASS">
          <reporter-output>
          </reporter-output>
        </test-method> <!-- postCondition -->
      </class> <!-- script.DemoTest -->
    </test> <!-- Test -->
  </suite> <!-- Suite -->
</testng-results>
